res layer location net NodeID
761.375 M1    314.964 165.6 VDDX 153728
760.429 M1    323.064 163.872 VDDX 211248
759.543 M1    315.072 165.6 VDDX 211150
759.538 M1    323.496 163.872 VDDX 211249
759.198 M1    323.28 165.6 VDDX 152374
758.372 M1    81.576 163.872 VDDX 219141
758.139 M1    89.676 162.144 VDDX 159531
757.367 M1    323.172 165.6 VDDX 211165
757.341 M1    315.072 163.872 VDDX 211233
757.192 M1    81.036 160.416 VDDX 161302
757.081 M1    314.856 163.872 VDDX 153497
756.607 M1    81.468 160.416 VDDX 159602
756.5 M1    81.684 162.144 VDDX 159562
755.935 M1    314.64 165.6 VDDX 211149
755.929 M1    322.632 163.872 VDDX 211247
755.533 LISD  94.212 162.144 VDDX 60117
755.361 M1    81.144 160.416 VDDX 219323
755.181 M1    81.36 158.688 VDDX 219424
755.16 M1    81.144 163.872 VDDX 219140
755.091 M1    322.416 163.872 VDDX 152385
755.038 M1    323.928 163.872 VDDX 211250
754.817 M1    315.504 165.6 VDDX 211151
754.776 M1    81.576 160.416 VDDX 219324
754.536 M1    81.252 158.688 VDDX 159559
754.436 M1    89.46 160.416 VDDX 159613
754.092 M1    89.352 163.872 VDDX 219157
753.872 M1    88.92 163.872 VDDX 161549
753.872 M1    82.008 163.872 VDDX 219142
753.418 M1    314.64 163.872 VDDX 211232
753.329 M1    81.036 163.872 VDDX 127012
752.615 M1    315.504 163.872 VDDX 153533
752.605 M1    89.568 160.416 VDDX 219337
752.512 M1    323.388 169.056 VDDX 154235
752.367 LISD  323.172 165.6 VDDX 62153
752.158 LISD  93.888 162.144 VDDX 60089
752.006 M1    322.524 165.6 VDDX 211164
751.547 M1    81.792 158.688 VDDX 219425
751.5 LISD  81.684 162.144 VDDX 60106
751.429 M1    322.2 163.872 VDDX 211246
751.377 M1    89.136 160.416 VDDX 219336
751.242 LISD  323.28 165.6 VDDX 61745
751.155 M1    96.48 162.144 VDDX 160350
750.996 M1    323.28 169.056 VDDX 211007
750.621 M1    96.48 163.872 VDDX 219127
750.617 M1    323.82 165.6 VDDX 211166
750.538 M1    324.36 163.872 VDDX 211251
750.521 M1    96.912 160.416 VDDX 219353
750.476 LISD  326.844 160.416 VDDX 59072
750.429 LISD  323.064 163.872 VDDX 61198
750.41 LISD  327.276 160.416 VDDX 59097
749.976 M1    96.372 163.872 VDDX 161113
749.953 M1    323.712 160.416 VDDX 154120
749.756 M1    82.332 163.872 VDDX 160483
749.75 M1    82.332 162.144 VDDX 219234
749.591 LISD  314.856 163.872 VDDX 60792
749.543 LISD  315.072 165.6 VDDX 62138
749.538 LISD  323.496 163.872 VDDX 61199
749.361 M1    324.144 165.6 VDDX 152387
749.325 M1    89.352 158.688 VDDX 159542
749.323 M1    315.828 165.6 VDDX 154215
749.319 M1    104.04 160.416 VDDX 160753
749.31 LISD  314.964 165.6 VDDX 61687
749.24 M1    104.256 162.144 VDDX 219249
749.24 M1    111.6 162.144 VDDX 219261
749.146 M1    88.488 163.872 VDDX 219156
749.043 M1    80.928 158.688 VDDX 219423
749.042 M1    81.036 162.144 VDDX 160571
748.781 LISD  314.64 163.872 VDDX 61182
748.736 LISD  81.468 160.416 VDDX 59308
748.592 M1    97.668 162.144 VDDX 126946
748.493 M1    82.656 162.144 VDDX 160348
748.372 LISD  81.576 163.872 VDDX 61425
748.299 M1    103.824 162.144 VDDX 219248
748.145 M1    96.264 163.872 VDDX 219169
748.127 LISD  81.576 160.416 VDDX 59628
747.93 LISD  96.48 162.144 VDDX 60123
747.925 M1    82.44 163.872 VDDX 219143
747.878 M1    90 160.416 VDDX 219338
747.835 M1    80.712 163.872 VDDX 219139
747.739 M1    324.252 162.144 VDDX 153849
747.698 LISD  81.144 163.872 VDDX 61424
747.681 M1    104.472 160.416 VDDX 219367
747.494 M1    89.46 158.688 VDDX 161318
747.492 M1    315.936 165.6 VDDX 211152
747.451 M1    82.008 160.416 VDDX 160323
747.35 M1    323.172 160.416 VDDX 154234
747.341 LISD  315.072 163.872 VDDX 61183
747.143 M1    97.344 163.872 VDDX 160694
747.115 M1    97.344 160.416 VDDX 219354
747.087 M1    321.768 165.6 VDDX 152384
747.054 M1    89.784 163.872 VDDX 159339
747.018 M1    323.712 169.056 VDDX 211008
747.006 LISD  322.524 165.6 VDDX 62152
746.904 M1    324.792 165.6 VDDX 153954
746.899 M1    314.316 162.144 VDDX 154109
746.696 M1    96.588 165.6 VDDX 160937
746.573 LISD  81.036 163.872 VDDX 60681
746.533 LISD  89.676 162.144 VDDX 60148
746.496 M1    322.848 169.056 VDDX 211006
746.478 M1    322.848 167.328 VDDX 154556
746.397 LISD  81.036 162.144 VDDX 60141
746.093 M1    314.208 163.872 VDDX 211231
746.093 M1    313.776 163.872 VDDX 211230
746.021 M1    96.48 160.416 VDDX 219352
745.976 M1    82.224 158.688 VDDX 160680
745.935 LISD  314.64 165.6 VDDX 62137
745.929 LISD  322.632 163.872 VDDX 61197
745.908 M1    324.36 162.144 VDDX 211319
745.662 M1    89.568 158.688 VDDX 219435
745.659 M1    315.072 169.056 VDDX 210992
745.617 LISD  323.82 165.6 VDDX 62154
745.525 M1    324.792 163.872 VDDX 211252
745.408 LISD  93.24 162.144 VDDX 60142
745.398 M1    314.856 169.056 VDDX 152604
745.361 LISD  81.144 160.416 VDDX 59627
745.29 M1    315.936 163.872 VDDX 211234
745.29 M1    321.768 163.872 VDDX 211245
745.256 M1    321.876 165.6 VDDX 211163
745.223 M1    89.892 163.872 VDDX 161442
745.181 LISD  81.36 158.688 VDDX 58835
745.174 M1    104.688 163.872 VDDX 219180
745.092 M1    89.568 165.6 VDDX 160342
745.055 M1    313.344 163.872 VDDX 211229
745.043 LISD  315.504 165.6 VDDX 62139
745.038 LISD  323.928 163.872 VDDX 61200
744.956 M1    322.74 162.144 VDDX 153845
744.956 M1    111.816 163.872 VDDX 219190
744.927 M1    96.912 158.688 VDDX 219450
744.75 LISD  82.332 162.144 VDDX 60483
744.74 M1    104.688 162.144 VDDX 219250
744.685 M1    313.56 165.6 VDDX 211148
744.647 M1    80.388 162.144 VDDX 219233
744.607 M1    82.764 160.416 VDDX 161431
744.281 LISD  314.208 163.872 VDDX 61181
744.262 M1    313.884 163.872 VDDX 154375
744.236 LISD  81.036 160.416 VDDX 59315
744.21 M1    322.956 170.784 VDDX 152468
744.092 LISD  89.352 163.872 VDDX 61441
744.056 LISD  81.252 158.688 VDDX 58558
743.962 M1    322.848 162.144 VDDX 211317
743.889 M1    119.7 162.144 VDDX 159713
743.872 LISD  82.008 163.872 VDDX 61426
743.872 LISD  88.92 163.872 VDDX 60977
743.867 M1    324.468 165.6 VDDX 211167
743.83 M1    96.912 162.144 VDDX 219241
743.763 M1    111.816 160.416 VDDX 219382
743.73 LISD  89.46 160.416 VDDX 59301
743.679 LISD  322.416 163.872 VDDX 60762
743.627 LISD  82.008 160.416 VDDX 59249
743.607 M1    313.992 167.328 VDDX 153496
743.548 M1    80.712 162.144 VDDX 219226
743.43 LISD  96.912 162.144 VDDX 60490
743.352 M1    96.156 160.416 VDDX 159474
743.261 M1    89.46 165.6 VDDX 219095
743.242 M1    325.008 165.6 VDDX 211168
743.217 M1    323.064 170.784 VDDX 210933
743.198 LISD  80.712 163.872 VDDX 61423
743.098 M1    103.392 162.144 VDDX 160750
743.049 M1    104.58 158.688 VDDX 159762
743.037 M1    323.928 162.144 VDDX 211318
743.022 LISD  80.712 162.144 VDDX 60474
743 M1    82.98 162.144 VDDX 219235
742.841 LISD  315.504 163.872 VDDX 60777
742.824 M1    111.492 160.416 VDDX 161183
742.775 M1    82.872 160.416 VDDX 219325
742.615 M1    81.684 165.6 VDDX 219083
742.605 LISD  89.568 160.416 VDDX 59641
742.601 LISD  326.088 160.416 VDDX 59094
742.431 M1    313.992 163.872 VDDX 211219
742.418 M1    324.036 167.328 VDDX 152952
742.385 M1    90.324 160.416 VDDX 159648
742.37 LISD  104.04 160.416 VDDX 59294
742.342 M1    80.388 163.872 VDDX 161423
742.334 M1    89.352 165.6 VDDX 159357
742.299 M1    87.948 162.144 VDDX 126981
742.259 M1    97.236 158.688 VDDX 161237
742.242 LISD  324.144 165.6 VDDX 61746
742.187 M1    104.796 160.416 VDDX 161245
742.121 LISD  323.388 169.056 VDDX 63495
742.097 M1    111.168 162.144 VDDX 219260
742.058 M1    119.592 162.144 VDDX 219277
742.031 LISD  313.992 163.872 VDDX 61169
741.996 M1    322.416 169.056 VDDX 152386
741.994 M1    97.776 160.416 VDDX 219355
741.994 M1    103.608 160.416 VDDX 219366
741.904 M1    96.48 158.688 VDDX 219449
741.863 M1    325.008 163.872 VDDX 152610
741.821 M1    88.056 163.872 VDDX 219155
741.736 M1    314.64 169.056 VDDX 210991
741.668 LISD  315.828 165.6 VDDX 61737
741.547 LISD  81.792 158.688 VDDX 58836
741.541 M1    119.808 163.872 VDDX 219206
741.521 M1    96.048 160.416 VDDX 219351
741.429 LISD  322.2 163.872 VDDX 61196
741.405 M1    313.992 162.144 VDDX 211298
741.377 LISD  89.136 160.416 VDDX 59640
741.375 LISD  82.656 162.144 VDDX 60120
741.335 M1    80.064 160.416 VDDX 160373
741.294 M1    322.524 162.144 VDDX 153736
741.25 M1    112.14 165.6 VDDX 160514
741.218 M1    104.688 158.688 VDDX 219463
741.018 M1    88.488 158.688 VDDX 219433
740.996 LISD  323.28 169.056 VDDX 63872
740.992 M1    111.384 160.416 VDDX 219381
740.984 M1    322.524 167.328 VDDX 211079
740.936 M1    90 158.688 VDDX 219436
740.933 M1    315.504 169.056 VDDX 210993
740.906 LISD  313.884 163.872 VDDX 60756
740.868 M1    112.464 162.144 VDDX 219262
740.707 M1    292.5 163.872 VDDX 154459
740.681 LISD  80.928 158.688 VDDX 58834
740.674 M1    105.12 163.872 VDDX 219181
740.633 LISD  87.948 162.144 VDDX 59846
740.621 LISD  96.48 163.872 VDDX 61411
740.619 M1    300.06 163.872 VDDX 154050
740.6 M1    82.872 163.872 VDDX 219144
740.554 M1    90.432 160.416 VDDX 219339
740.543 LISD  315.936 165.6 VDDX 62140
740.538 LISD  324.36 163.872 VDDX 61201
740.537 LISD  323.928 162.144 VDDX 60322
740.521 LISD  96.912 160.416 VDDX 59657
740.511 M1    80.28 163.872 VDDX 219138
740.5 M1    314.424 160.416 VDDX 211367
740.497 LISD  82.332 163.872 VDDX 60976
740.456 M1    315.18 162.144 VDDX 154376
740.427 M1    97.344 158.688 VDDX 219451
740.356 M1    104.904 160.416 VDDX 219368
740.292 M1    119.376 163.872 VDDX 219205
740.285 LISD  328.248 160.416 VDDX 59096
740.266 M1    111.06 162.144 VDDX 126968
740.256 LISD  321.876 165.6 VDDX 62151
740.24 M1    105.12 162.144 VDDX 219251
740.219 LISD  104.472 160.416 VDDX 59671
740.21 M1    292.176 163.872 VDDX 211203
740.194 LISD  97.344 163.872 VDDX 60965
740.185 M1    313.128 165.6 VDDX 211147
740.167 M1    316.368 165.6 VDDX 211153
740.127 M1    82.44 160.416 VDDX 219322
740.094 M1    126.72 162.144 VDDX 126871
739.991 M1    119.16 160.416 VDDX 219396
739.823 LISD  80.388 163.872 VDDX 60942
739.818 M1    103.608 163.872 VDDX 160751
739.781 LISD  313.776 163.872 VDDX 61180
739.729 M1    90.216 163.872 VDDX 219158
739.728 M1    322.2 167.328 VDDX 152373
739.694 M1    324.144 169.056 VDDX 211009
739.647 LISD  80.388 162.144 VDDX 60482
739.592 LISD  89.784 163.872 VDDX 60969
739.556 LISD  323.712 169.056 VDDX 63873
739.528 M1    82.116 165.6 VDDX 126995
739.5 LISD  323.712 160.416 VDDX 59064
739.496 LISD  96.372 163.872 VDDX 60939
739.462 M1    322.416 162.144 VDDX 211316
739.462 M1    315.072 162.144 VDDX 211300
739.427 M1    105.228 163.872 VDDX 161246
739.386 LISD  89.568 165.6 VDDX 61943
739.372 LISD  82.44 163.872 VDDX 61427
739.372 LISD  88.488 163.872 VDDX 61440
739.359 LISD  322.848 167.328 VDDX 62588
739.344 M1    104.256 158.688 VDDX 219462
739.263 M1    112.248 160.416 VDDX 160857
739.24 LISD  104.256 162.144 VDDX 60498
739.24 LISD  111.6 162.144 VDDX 60510
739.216 M1    306.972 165.6 VDDX 126383
739.131 LISD  321.768 165.6 VDDX 61742
739.127 LISD  82.44 160.416 VDDX 59626
739.108 M1    307.404 165.6 VDDX 211136
739.107 M1    313.56 167.328 VDDX 211068
739.056 M1    299.304 163.872 VDDX 126438
738.876 M1    292.608 163.872 VDDX 211204
738.867 LISD  324.468 165.6 VDDX 62155
738.823 M1    277.272 165.6 VDDX 152562
738.817 M1    111.384 163.872 VDDX 160765
738.788 M1    300.168 163.872 VDDX 153907
738.764 M1    112.248 158.688 VDDX 160856
738.717 M1    322.632 170.784 VDDX 153453
738.698 LISD  80.28 163.872 VDDX 61422
738.651 M1    82.656 158.688 VDDX 219426
738.641 M1    300.276 165.6 VDDX 154089
738.589 M1    313.992 160.416 VDDX 211366
738.576 M1    300.384 162.144 VDDX 153597
738.536 M1    118.836 162.144 VDDX 161007
738.467 LISD  89.892 163.872 VDDX 60972
738.396 M1    119.376 162.144 VDDX 219276
738.386 M1    83.412 162.144 VDDX 160484
738.371 LISD  96.264 163.872 VDDX 61453
738.341 LISD  315.936 163.872 VDDX 61184
738.336 M1    321.228 165.6 VDDX 211162
738.3 M1    81.684 156.96 VDDX 219511
738.299 LISD  103.824 162.144 VDDX 60497
738.261 LISD  89.46 165.6 VDDX 62372
738.238 M1    112.68 163.872 VDDX 219191
738.2 M1    325.224 163.872 VDDX 211253
738.16 M1    119.052 160.416 VDDX 159323
738.105 LISD  90 160.416 VDDX 59642
738 LISD  82.98 162.144 VDDX 60484
737.996 M1    90.864 162.144 VDDX 159341
737.965 M1    316.368 163.872 VDDX 211235
737.94 LISD  90.756 155.232 VDDX 57077
737.912 LISD  89.352 158.688 VDDX 58585
737.909 LISD  314.856 169.056 VDDX 63485
737.897 M1    79.74 162.144 VDDX 219232
737.897 M1    315.612 167.328 VDDX 154489
737.87 LISD  103.608 160.416 VDDX 59670
737.83 M1    284.616 165.6 VDDX 152565
737.73 M1    312.912 163.872 VDDX 211228
737.692 LISD  90.108 165.6 VDDX 62373
737.673 M1    79.848 160.416 VDDX 160281
737.615 LISD  81.684 165.6 VDDX 62360
737.614 M1    323.928 170.784 VDDX 210934
737.605 M1    98.316 162.144 VDDX 161001
737.571 M1    105.444 162.144 VDDX 161173
737.545 M1    81.576 169.056 VDDX 218927
737.512 M1    81.036 165.6 VDDX 159558
737.499 M1    324.792 167.328 VDDX 154002
737.418 LISD  324.036 167.328 VDDX 62648
737.404 M1    96.048 158.688 VDDX 219448
737.391 M1    300.6 167.328 VDDX 153379
737.361 M1    113.004 162.144 VDDX 160591
737.358 M1    81.36 156.96 VDDX 161563
737.27 M1    321.984 169.056 VDDX 211005
737.225 M1    299.412 163.872 VDDX 211216
737.162 LISD  324.252 162.144 VDDX 59922
737.136 LISD  89.352 165.6 VDDX 61921
737.115 LISD  97.344 160.416 VDDX 59658
737.099 LISD  314.64 169.056 VDDX 63856
737.047 LISD  82.224 158.688 VDDX 58530
737.021 M1    95.616 160.416 VDDX 219350
736.994 M1    314.964 160.416 VDDX 152932
736.986 M1    111.276 163.872 VDDX 161252
736.938 M1    83.088 163.872 VDDX 159352
736.929 M1    90.108 165.6 VDDX 219096
736.929 LISD  321.768 163.872 VDDX 61195
736.91 LISD  328.572 160.416 VDDX 59106
736.905 M1    313.56 162.144 VDDX 211297
736.848 M1    80.064 163.872 VDDX 219125
736.844 LISD  104.796 160.416 VDDX 59264
736.822 M1    323.388 174.24 VDDX 152749
736.787 LISD  89.46 158.688 VDDX 58549
736.777 M1    324.144 170.784 VDDX 153537
736.749 M1    292.068 162.144 VDDX 154458
736.694 M1    105.12 160.416 VDDX 160252
736.645 M1    81.144 169.056 VDDX 218926
736.58 LISD  300.06 163.872 VDDX 60788
736.559 M1    81.468 155.232 VDDX 160202
736.545 M1    89.568 167.328 VDDX 219028
736.539 M1    97.56 165.6 VDDX 161544
736.496 LISD  322.848 169.056 VDDX 63871
736.448 LISD  80.064 163.872 VDDX 61409
736.439 M1    313.236 167.328 VDDX 153837
736.368 M1    112.896 162.144 VDDX 219263
736.27 M1    307.728 165.6 VDDX 211114
736.14 M1    120.24 163.872 VDDX 219207
736.134 M1    316.476 163.872 VDDX 153729
736.065 M1    315.504 167.328 VDDX 153498
736.043 LISD  316.368 165.6 VDDX 62141
736.038 LISD  324.792 163.872 VDDX 61202
736.037 LISD  324.36 162.144 VDDX 60323
736.021 LISD  96.48 160.416 VDDX 59656
736.018 LISD  88.488 158.688 VDDX 58844
736 M1    314.856 160.416 VDDX 211368
735.999 M1    284.508 165.6 VDDX 211104
735.985 M1    119.052 163.872 VDDX 159710
735.984 LISD  322.524 167.328 VDDX 63037
735.903 M1    323.172 156.96 VDDX 154269
735.899 M1    312.804 163.872 VDDX 153727
735.865 M1    82.332 165.6 VDDX 219084
735.752 LISD  82.764 160.416 VDDX 59306
735.748 M1    105.12 158.688 VDDX 219464
735.74 M1    105.552 162.144 VDDX 219252
735.719 LISD  104.904 160.416 VDDX 59672
735.71 M1    291.744 163.872 VDDX 211202
735.709 M1    95.94 165.6 VDDX 160418
735.685 M1    312.696 165.6 VDDX 211146
735.668 M1    324.684 167.328 VDDX 211081
735.662 LISD  89.568 158.688 VDDX 58846
735.659 LISD  315.072 169.056 VDDX 63857
735.555 LISD  97.668 162.144 VDDX 59845
735.554 M1    300.708 165.6 VDDX 152398
735.554 M1    306.756 165.6 VDDX 211135
735.497 M1    79.848 163.872 VDDX 219137
735.492 LISD  324.792 165.6 VDDX 61700
735.469 LISD  91.188 155.232 VDDX 57112
735.463 M1    89.136 167.328 VDDX 219027
735.463 M1    88.704 167.328 VDDX 219026
735.455 LISD  300.168 163.872 VDDX 60748
735.451 M1    88.056 160.416 VDDX 219333
735.451 M1    83.304 160.416 VDDX 219326
735.362 LISD  110.52 165.6 VDDX 61940
735.327 M1    126.72 160.416 VDDX 126870
735.281 LISD  313.344 163.872 VDDX 61179
735.223 M1    87.948 158.688 VDDX 160203
735.214 M1    292.824 163.872 VDDX 152539
735.189 M1    300.6 162.144 VDDX 154141
735.174 LISD  104.688 163.872 VDDX 61464
735.134 M1    292.5 165.6 VDDX 211115
735.092 LISD  90.216 163.872 VDDX 61442
735.062 LISD  119.376 162.144 VDDX 60525
735.056 LISD  324.144 169.056 VDDX 63874
735.052 M1    97.776 158.688 VDDX 219452
734.962 M1    321.984 162.144 VDDX 211315
734.962 M1    315.504 162.144 VDDX 211301
734.956 LISD  111.816 163.872 VDDX 61474
734.927 LISD  96.912 158.688 VDDX 58861
734.909 M1    325.548 165.6 VDDX 154400
734.872 LISD  88.056 163.872 VDDX 61439
734.872 LISD  82.872 163.872 VDDX 61428
734.844 M1    103.824 158.688 VDDX 219461
734.806 M1    314.424 170.784 VDDX 210915
734.78 LISD  314.316 162.144 VDDX 59933
734.772 M1    110.736 162.144 VDDX 219259
734.767 M1    82.116 155.232 VDDX 161429
734.74 LISD  111.168 162.144 VDDX 60509
734.74 LISD  104.688 162.144 VDDX 60499
734.73 LISD  90.324 160.416 VDDX 59312
734.724 M1    83.628 162.144 VDDX 219236
734.707 M1    97.668 165.6 VDDX 159475
734.685 LISD  313.56 165.6 VDDX 62136
734.674 M1    316.692 165.6 VDDX 153730
734.669 M1    98.208 160.416 VDDX 219356
734.669 M1    103.176 160.416 VDDX 219365
734.627 LISD  82.872 160.416 VDDX 59629
734.607 M1    313.128 167.328 VDDX 211067
734.575 M1    112.896 163.872 VDDX 160302
734.568 M1    323.712 158.688 VDDX 154570
734.551 M1    283.86 165.6 VDDX 211103
734.538 M1    329.544 163.872 VDDX 211262
734.496 M1    87.624 163.872 VDDX 219154
734.483 M1    299.52 165.6 VDDX 211126
734.411 M1    313.776 169.056 VDDX 210989
734.411 M1    314.208 169.056 VDDX 210990
734.393 M1    80.064 158.688 VDDX 219422
734.333 M1    91.08 162.144 VDDX 160832
734.325 M1    103.284 163.872 VDDX 161243
734.307 M1    323.496 156.96 VDDX 211469
734.27 M1    112.68 158.688 VDDX 219477
734.236 M1    313.236 162.144 VDDX 153836
734.234 M1    315.396 167.328 VDDX 211069
734.234 M1    321.876 167.328 VDDX 211078
734.222 M1    95.724 158.688 VDDX 159396
734.198 LISD  79.848 163.872 VDDX 61421
734.191 M1    314.856 170.784 VDDX 210916
734.161 M1    307.296 163.872 VDDX 153910
734.158 LISD  90.864 162.144 VDDX 60122
734.154 M1    118.944 163.872 VDDX 219204
734.111 LISD  80.064 160.416 VDDX 59292
734.108 LISD  307.404 165.6 VDDX 62124
734.089 M1    313.56 160.416 VDDX 211365
734.072 M1    323.064 156.96 VDDX 211468
734.05 M1    111.384 158.688 VDDX 219475
734.01 M1    79.632 160.416 VDDX 219321
733.983 M1    81.036 167.328 VDDX 160572
733.962 LISD  322.848 162.144 VDDX 60321
733.934 M1    105.552 163.872 VDDX 219182
733.875 LISD  323.172 160.416 VDDX 59112
733.841 LISD  316.368 163.872 VDDX 61185
733.799 LISD  103.392 162.144 VDDX 60090
733.788 LISD  325.008 163.872 VDDX 60781
733.763 LISD  111.816 160.416 VDDX 59686
733.723 M1    301.032 165.6 VDDX 153985
733.668 M1    110.952 160.416 VDDX 219380
733.666 M1    79.74 163.872 VDDX 160476
733.641 LISD  300.276 165.6 VDDX 61706
733.641 M1    96.912 169.056 VDDX 160693
733.62 M1    87.948 160.416 VDDX 126957
733.615 LISD  111.06 162.144 VDDX 59843
733.611 M1    90.432 158.688 VDDX 219437
733.608 M1    315.936 169.056 VDDX 210994
733.608 M1    321.768 169.056 VDDX 152926
733.607 LISD  313.992 167.328 VDDX 62633
733.605 LISD  90.432 160.416 VDDX 59643
733.585 LISD  292.5 163.872 VDDX 60766
733.553 M1    315.936 167.328 VDDX 211070
733.506 LISD  321.228 165.6 VDDX 62150
733.5 LISD  83.412 162.144 VDDX 60100
733.495 M1    95.4 163.872 VDDX 160645
733.469 LISD  105.12 160.416 VDDX 59269
733.46 M1    284.616 163.872 VDDX 211188
733.45 LISD  112.14 165.6 VDDX 61919
733.424 M1    88.38 165.6 VDDX 161312
733.392 M1    87.84 158.688 VDDX 219432
733.373 M1    313.344 169.056 VDDX 210988
733.37 LISD  103.176 160.416 VDDX 59669
733.305 M1    89.028 156.96 VDDX 160007
733.3 LISD  81.684 156.96 VDDX 58171
733.275 M1    83.304 163.872 VDDX 219145
733.259 M1    104.04 167.328 VDDX 219046
733.242 LISD  325.008 165.6 VDDX 62156
733.229 M1    90.864 160.416 VDDX 219340
733.217 LISD  323.064 170.784 VDDX 64758
733.178 M1    88.812 165.6 VDDX 219094
733.157 M1    82.98 158.688 VDDX 159566
733.115 LISD  82.116 165.6 VDDX 61625
733.114 M1    324.36 170.784 VDDX 210935
733.089 M1    329.868 162.144 VDDX 153866
733.078 M1    325.656 165.6 VDDX 211169
733.078 M1    329.328 165.6 VDDX 153545
733.075 M1    82.44 156.96 VDDX 219512
733.073 LISD  79.74 163.872 VDDX 60979
733.071 M1    105.876 162.144 VDDX 159485
733.045 M1    82.008 169.056 VDDX 218928
733.045 M1    88.92 169.056 VDDX 218943
733.043 M1    118.512 162.144 VDDX 219275
733.031 M1    105.336 160.416 VDDX 219369
732.99 M1    81.144 167.328 VDDX 219013
732.897 LISD  79.74 162.144 VDDX 60481
732.843 M1    316.8 165.6 VDDX 211154
732.837 LISD  322.74 162.144 VDDX 59951
732.812 LISD  119.592 162.144 VDDX 60526
732.811 M1    96.588 169.056 VDDX 160205
732.804 LISD  306.972 165.6 VDDX 61619
732.716 LISD  316.476 163.872 VDDX 60786
732.671 LISD  299.52 165.6 VDDX 62114
732.668 LISD  316.692 165.6 VDDX 61689
732.666 M1    118.728 160.416 VDDX 219395
732.652 M1    299.412 165.6 VDDX 154469
732.646 LISD  96.156 160.416 VDDX 59279
732.622 LISD  83.088 163.872 VDDX 60956
732.622 M1    284.832 163.872 VDDX 152566
732.622 M1    284.4 163.872 VDDX 152564
732.615 LISD  97.776 160.416 VDDX 59659
732.612 M1    314.856 172.512 VDDX 210860
732.609 LISD  322.2 167.328 VDDX 62621
732.599 LISD  314.208 169.056 VDDX 63855
732.592 M1    82.116 169.056 VDDX 159563
732.58 M1    300.924 163.872 VDDX 154090
732.562 M1    79.956 158.688 VDDX 161421
732.556 M1    120.78 162.144 VDDX 159223
732.547 LISD  82.656 158.688 VDDX 58837
732.542 M1    322.848 156.96 VDDX 153558
732.512 LISD  81.036 165.6 VDDX 61884
732.512 LISD  292.608 163.872 VDDX 61154
732.494 M1    98.208 163.872 VDDX 219170
732.494 M1    103.176 163.872 VDDX 219179
732.476 LISD  325.116 160.416 VDDX 59108
732.471 M1    321.012 163.872 VDDX 154501
732.46 LISD  283.752 163.872 VDDX 61136
732.416 M1    104.58 165.6 VDDX 159797
732.405 M1    313.128 162.144 VDDX 211296
732.404 M1    90.648 163.872 VDDX 219159
732.39 M1    95.616 158.688 VDDX 219447
732.377 M1    314.424 172.512 VDDX 210859
732.369 M1    324.576 169.056 VDDX 211010
732.344 LISD  111.492 160.416 VDDX 59274
732.343 LISD  104.58 158.688 VDDX 58567
732.33 M1    307.404 163.872 VDDX 154169
732.305 M1    76.068 162.144 VDDX 159549
732.294 M1    315.828 162.144 VDDX 152969
732.258 LISD  126.72 162.33 VDDX 60091
732.258 LISD  126.72 161.958 VDDX 60143
732.225 LISD  299.412 163.872 VDDX 61166
732.223 M1    127.368 162.144 VDDX 219293
732.219 M1    111.276 158.688 VDDX 160511
732.209 M1    82.548 167.328 VDDX 126980
732.175 M1    103.5 158.688 VDDX 159758
732.092 LISD  322.956 170.784 VDDX 64341
732.046 M1    298.98 165.6 VDDX 211125
732.044 M1    96.696 169.056 VDDX 218961
732.008 M1    95.184 160.416 VDDX 219349
731.996 LISD  322.416 169.056 VDDX 63478
731.983 M1    329.436 165.6 VDDX 154242
731.908 LISD  91.08 162.144 VDDX 60138
731.904 LISD  96.48 158.688 VDDX 58860
731.891 M1    300.924 165.6 VDDX 211127
731.875 M1    111.384 165.6 VDDX 160299
731.868 M1    113.328 162.144 VDDX 219264
731.861 LISD  79.848 160.416 VDDX 59280
731.835 M1    75.96 163.872 VDDX 219128
731.819 M1    90 167.328 VDDX 126945
731.8 M1    88.92 167.328 VDDX 219017
731.687 LISD  119.7 162.144 VDDX 60118
731.681 LISD  80.064 158.688 VDDX 58833
731.664 M1    95.292 163.872 VDDX 161112
731.656 M1    104.472 167.328 VDDX 160846
731.613 M1    306.864 162.144 VDDX 153036
731.599 M1    88.272 167.328 VDDX 219025
731.562 M1    120.672 162.144 VDDX 219279
731.552 LISD  97.236 158.688 VDDX 58560
731.551 M1    293.04 163.872 VDDX 211205
731.546 LISD  299.412 165.6 VDDX 61714
731.543 LISD  316.8 165.6 VDDX 62142
731.541 LISD  119.808 163.872 VDDX 61490
731.538 LISD  325.224 163.872 VDDX 61203
731.521 LISD  96.048 160.416 VDDX 59655
731.511 LISD  88.812 165.6 VDDX 62371
731.506 M1    74.88 167.328 VDDX 126893
731.505 M1    329.976 162.144 VDDX 211330
731.5 M1    315.288 160.416 VDDX 211369
731.492 M1    110.952 163.872 VDDX 219189
731.456 M1    321.444 162.144 VDDX 154394
731.439 M1    111.816 158.688 VDDX 219476
731.427 M1    103.932 167.328 VDDX 161169
731.419 LISD  316.044 174.24 VDDX 66215
731.418 LISD  118.836 162.144 VDDX 60111
731.405 LISD  313.992 162.144 VDDX 60302
731.4 LISD  88.92 167.328 VDDX 63198
731.398 M1    90.972 160.416 VDDX 159614
731.358 M1    81.36 153.504 VDDX 160740
731.326 M1    83.088 158.688 VDDX 160157
731.299 M1    314.64 156.96 VDDX 126461
731.25 LISD  83.628 162.144 VDDX 60485
731.24 M1    105.984 162.144 VDDX 219253
731.219 LISD  111.384 160.416 VDDX 59685
731.219 LISD  105.336 160.416 VDDX 59673
731.218 LISD  104.688 158.688 VDDX 58874
731.216 LISD  81.468 155.232 VDDX 57119
731.21 M1    291.312 163.872 VDDX 211201
731.194 LISD  98.208 163.872 VDDX 61454
731.175 LISD  283.86 165.6 VDDX 62091
731.162 LISD  90 158.688 VDDX 58847
731.159 LISD  315.504 169.056 VDDX 63858
731.159 M1    312.804 167.328 VDDX 152946
731.12 LISD  81.36 156.96 VDDX 57892
731.114 M1    103.716 165.6 VDDX 219101
731.1 LISD  299.304 163.872 VDDX 60678
731.048 M1    75.528 163.872 VDDX 160321
731.045 LISD  89.136 167.328 VDDX 63208
731.043 LISD  103.608 163.872 VDDX 60973
731.002 M1    132.984 162.144 VDDX 219306
730.999 LISD  284.508 165.6 VDDX 62092
730.946 M1    82.872 165.6 VDDX 161510
730.942 LISD  90.756 165.6 VDDX 61917
730.925 LISD  126.72 162.086 VDDX 59806
730.925 LISD  126.72 162.202 VDDX 59804
730.913 M1    113.112 163.872 VDDX 219192
730.888 M1    283.644 165.6 VDDX 152392
730.875 M1    325.656 163.872 VDDX 211254
730.868 LISD  112.464 162.144 VDDX 60511
730.865 LISD  82.332 165.6 VDDX 62361
730.862 LISD  111.384 165.6 VDDX 61934
730.821 M1    299.304 165.6 VDDX 211113
730.783 LISD  91.836 162.144 VDDX 60125
730.781 LISD  312.912 163.872 VDDX 61178
730.762 M1    80.388 165.6 VDDX 159601
730.761 M1    82.224 169.056 VDDX 159351
730.749 M1    313.992 169.056 VDDX 210977
730.738 LISD  97.56 165.6 VDDX 61949
730.733 LISD  307.728 165.6 VDDX 62102
730.731 M1    79.848 158.688 VDDX 160372
730.727 M1    89.352 169.056 VDDX 218944
730.726 M1    329.976 163.872 VDDX 211263
730.674 LISD  105.12 163.872 VDDX 61465
730.668 LISD  324.684 167.328 VDDX 63039
730.64 M1    316.8 163.872 VDDX 211236
730.592 LISD  90.648 163.872 VDDX 61443
730.587 LISD  322.524 162.144 VDDX 59910
730.556 LISD  324.576 169.056 VDDX 63875
730.556 LISD  79.956 158.688 VDDX 58541
730.554 LISD  306.756 165.6 VDDX 62123
730.538 M1    324.684 169.056 VDDX 154271
730.517 M1    283.752 163.872 VDDX 211186
730.5 LISD  314.424 160.416 VDDX 59481
730.475 M1    298.764 163.872 VDDX 211215
730.462 M1    315.936 162.144 VDDX 211302
730.462 M1    321.552 162.144 VDDX 211314
730.459 M1    292.392 167.328 VDDX 152572
730.456 LISD  111.384 163.872 VDDX 60984
730.429 M1    82.224 167.328 VDDX 219014
730.427 LISD  97.344 158.688 VDDX 58862
730.421 LISD  299.304 165.6 VDDX 62101
730.409 M1    314.856 156.96 VDDX 211451
730.405 M1    312.48 163.872 VDDX 211227
730.393 LISD  87.948 158.688 VDDX 58578
730.388 M1    111.168 158.688 VDDX 160298
730.378 M1    82.656 167.328 VDDX 219015
730.372 LISD  83.304 163.872 VDDX 61429
730.372 LISD  87.624 163.872 VDDX 61438
730.367 LISD  283.32 163.872 VDDX 61135
730.349 LISD  313.992 169.056 VDDX 63842
730.344 M1    103.392 158.688 VDDX 219460
730.321 M1    80.82 167.328 VDDX 161301
730.321 LISD  126.72 162.144 VDDX 59805
730.306 M1    313.992 170.784 VDDX 210914
730.292 LISD  119.376 163.872 VDDX 61489
730.263 M1    112.788 165.6 VDDX 160590
730.263 M1    113.112 160.416 VDDX 219383
730.262 LISD  292.824 163.872 VDDX 60785
730.261 M1    74.88 162.144 VDDX 126890
730.24 LISD  105.12 162.144 VDDX 60500
730.24 LISD  110.736 162.144 VDDX 60508
730.226 LISD  324.9 160.416 VDDX 59492
730.218 LISD  119.16 160.416 VDDX 59700
730.21 LISD  292.176 163.872 VDDX 61153
730.189 LISD  111.816 158.688 VDDX 58887
730.187 M1    315.612 160.416 VDDX 154110
730.185 LISD  313.128 165.6 VDDX 62135
730.18 M1    325.008 169.056 VDDX 211011
730.134 LISD  292.5 165.6 VDDX 62103
730.127 LISD  88.056 160.416 VDDX 59637
730.127 LISD  83.304 160.416 VDDX 59630
730.033 M1    80.496 156.96 VDDX 160322
730.033 M1    80.928 156.96 VDDX 161011
730.004 M1    76.068 163.872 VDDX 160563
729.995 LISD  102.852 160.416 VDDX 59299
729.979 M1    97.128 169.056 VDDX 218962
729.957 M1    83.628 160.416 VDDX 159570
729.945 M1    321.552 169.056 VDDX 211004
729.917 M1    75.42 160.416 VDDX 161415
729.874 LISD  284.616 165.6 VDDX 61688
729.847 M1    104.58 156.96 VDDX 161244
729.83 LISD  307.404 163.872 VDDX 60772
729.809 M1    324.9 160.416 VDDX 211378
729.761 M1    88.164 165.6 VDDX 219093
729.698 LISD  79.416 163.872 VDDX 61420
729.691 M1    315.288 170.784 VDDX 210917
729.656 LISD  312.804 163.872 VDDX 60782
729.625 M1    316.152 162.144 VDDX 153051
729.621 M1    79.092 162.144 VDDX 219231
729.621 M1    76.5 162.144 VDDX 219228
729.613 LISD  97.668 165.6 VDDX 61915
729.611 LISD  79.632 160.416 VDDX 59625
729.589 M1    88.056 156.96 VDDX 160076
729.577 M1    75.312 165.6 VDDX 219077
729.556 M1    119.592 158.688 VDDX 219484
729.549 LISD  105.228 163.872 VDDX 60997
729.543 LISD  324.792 167.328 VDDX 62615
729.495 M1    133.416 162.144 VDDX 219307
729.489 M1    75.528 160.416 VDDX 219315
729.47 LISD  112.248 158.688 VDDX 58532
729.462 LISD  315.072 162.144 VDDX 60304
729.462 LISD  322.416 162.144 VDDX 60320
729.441 LISD  96.588 165.6 VDDX 61951
729.431 LISD  324.684 169.056 VDDX 63519
729.431 LISD  79.848 158.688 VDDX 58534
729.426 M1    113.328 160.416 VDDX 160303
729.385 M1    87.732 165.6 VDDX 161311
729.383 LISD  86.868 162.144 VDDX 60101
729.371 LISD  95.4 163.872 VDDX 60998
729.369 M1    105.552 160.416 VDDX 219360
729.344 LISD  104.256 158.688 VDDX 58873
729.341 LISD  316.8 163.872 VDDX 61186
729.331 LISD  111.276 163.872 VDDX 61004
729.328 M1    312.696 167.328 VDDX 211066
729.32 M1    74.88 169.056 VDDX 126834
729.32 M1    80.712 169.056 VDDX 218925
729.319 LISD  89.028 156.96 VDDX 57918
729.315 M1    321.336 167.328 VDDX 152383
729.313 M1    306.108 163.872 VDDX 154199
729.293 LISD  317.016 165.6 VDDX 61683
729.268 LISD  87.84 158.688 VDDX 58843
729.263 LISD  112.248 160.416 VDDX 59303
729.263 LISD  112.68 163.872 VDDX 61475
729.249 M1    285.156 165.6 VDDX 211105
729.234 LISD  321.876 167.328 VDDX 63036
729.234 LISD  315.396 167.328 VDDX 63027
729.18 M1    317.016 165.6 VDDX 153535
729.175 M1    102.852 160.416 VDDX 161241
729.172 LISD  82.98 158.688 VDDX 58561
729.171 M1    132.876 162.144 VDDX 159665
729.15 LISD  88.704 167.328 VDDX 63207
729.141 LISD  300.708 165.6 VDDX 61740
729.115 M1    82.98 165.6 VDDX 219085
729.107 LISD  313.56 167.328 VDDX 63026
729.105 LISD  90.864 160.416 VDDX 59644
729.093 LISD  119.052 160.416 VDDX 59314
729.077 M1    291.096 163.872 VDDX 152807
729.068 M1    96.48 167.328 VDDX 160691
729.054 LISD  321.012 163.872 VDDX 60752
729.002 LISD  87.948 160.416 VDDX 59007
728.98 M1    96.588 156.96 VDDX 161453
728.969 LISD  105.552 160.416 VDDX 59664
728.96 M1    284.184 163.872 VDDX 211187
728.96 M1    285.048 163.872 VDDX 211189
728.945 M1    312.264 165.6 VDDX 211145
728.945 M1    308.16 165.6 VDDX 126285
728.944 LISD  98.424 163.872 VDDX 61006
728.925 LISD  283.644 165.6 VDDX 61744
728.918 M1    325.332 167.328 VDDX 211082
728.88 M1    322.632 156.96 VDDX 211467
728.87 LISD  102.744 160.416 VDDX 59668
728.831 M1    98.424 163.872 VDDX 160288
728.815 M1    120.672 163.872 VDDX 219208
728.809 M1    316.908 163.872 VDDX 152426
728.805 LISD  98.316 162.144 VDDX 60132
728.804 M1    306.108 165.6 VDDX 211134
728.776 M1    113.004 158.688 VDDX 160515
728.742 M1    90.864 163.872 VDDX 219126
728.739 LISD  329.112 163.872 VDDX 61211
728.717 LISD  322.632 170.784 VDDX 64339
728.709 M1    75.528 158.688 VDDX 219416
728.706 M1    324.792 169.056 VDDX 210978
728.705 LISD  307.296 163.872 VDDX 60770
728.683 M1    97.344 167.328 VDDX 219039
728.663 M1    88.38 155.232 VDDX 161230
728.657 M1    314.748 158.688 VDDX 154069
728.643 M1    75.852 162.144 VDDX 219227
728.64 M1    269.604 165.6 VDDX 155283
728.64 M1    269.388 165.6 VDDX 154783
728.62 M1    86.868 162.144 VDDX 161438
728.612 LISD  111.168 165.6 VDDX 62380
728.589 LISD  313.992 160.416 VDDX 59480
728.527 M1    323.172 158.688 VDDX 154270
728.497 M1    321.876 170.784 VDDX 154395
728.49 M1    80.712 167.328 VDDX 219012
728.489 LISD  76.392 160.416 VDDX 59620
728.423 M1    105.552 158.688 VDDX 219465
728.384 M1    293.148 165.6 VDDX 211116
728.37 M1    90 156.96 VDDX 160077
728.349 M1    329.868 169.056 VDDX 154243
728.342 LISD  90.864 163.872 VDDX 61410
728.337 LISD  315.18 162.144 VDDX 59918
728.321 M1    329.652 165.6 VDDX 211175
728.319 M1    88.488 169.056 VDDX 218942
728.306 LISD  324.792 169.056 VDDX 63843
728.277 M1    118.188 162.144 VDDX 161352
728.267 M1    292.284 169.056 VDDX 152450
728.247 M1    300.6 160.416 VDDX 153378
728.246 LISD  95.292 163.872 VDDX 60944
728.216 LISD  316.908 163.872 VDDX 60754
728.212 M1    111.168 165.6 VDDX 219103
728.174 M1    110.628 160.416 VDDX 161251
728.173 M1    79.416 163.872 VDDX 219136
728.171 LISD  308.16 165.786 VDDX 61699
728.171 LISD  308.16 165.414 VDDX 61680
728.127 M1    87.624 160.416 VDDX 219332
728.126 M1    83.736 160.416 VDDX 219327
728.115 LISD  98.208 160.416 VDDX 59660
728.112 M1    315.288 172.512 VDDX 210861
728.109 LISD  315.504 167.328 VDDX 62630
728.099 LISD  313.776 169.056 VDDX 63854
728.094 M1    284.724 167.328 VDDX 153076
728.062 M1    323.388 172.512 VDDX 210874
728.047 LISD  83.088 158.688 VDDX 58518
728.045 M1    285.156 162.144 VDDX 211281
728.043 LISD  118.512 162.144 VDDX 60524
728.012 LISD  293.04 163.872 VDDX 61155
727.98 LISD  90.972 160.416 VDDX 59298
727.96 LISD  284.184 163.872 VDDX 61137
727.938 M1    284.4 167.328 VDDX 211041
727.929 LISD  82.224 167.328 VDDX 63195
727.922 M1    89.676 155.232 VDDX 161193
727.851 M1    81.9 153.504 VDDX 161225
727.845 M1    97.56 167.328 VDDX 159828
727.819 LISD  98.532 163.872 VDDX 60993
727.811 M1    88.272 156.96 VDDX 160710
727.79 M1    78.984 162.144 VDDX 159334
727.774 LISD  104.58 165.6 VDDX 61888
727.727 M1    98.208 158.688 VDDX 219453
727.668 LISD  103.284 163.872 VDDX 60950
727.637 M1    313.668 170.784 VDDX 152948
727.636 M1    314.424 156.96 VDDX 211450
727.617 LISD  325.548 165.6 VDDX 61685
727.614 LISD  323.928 170.784 VDDX 64759
727.596 M1    329.544 162.144 VDDX 211329
727.596 M1    325.44 162.144 VDDX 211321
727.584 M1    329.004 165.6 VDDX 211174
727.58 LISD  300.924 163.872 VDDX 60778
727.554 M1    87.624 165.6 VDDX 219092
727.545 LISD  81.576 169.056 VDDX 64089
727.508 M1    313.128 160.416 VDDX 211364
727.496 LISD  321.984 169.056 VDDX 63870
727.49 LISD  323.712 158.688 VDDX 58387
727.484 M1    321.228 167.328 VDDX 211077
727.447 M1    110.304 162.144 VDDX 219258
727.408 LISD  91.512 162.144 VDDX 60489
727.404 LISD  96.048 158.688 VDDX 58859
727.402 M1    292.176 169.056 VDDX 152809
727.391 M1    91.08 163.872 VDDX 219160
727.381 LISD  308.16 164.058 VDDX 60758
727.381 LISD  308.16 163.686 VDDX 60746
727.368 M1    113.76 162.144 VDDX 219265
727.367 LISD  306.864 162.144 VDDX 59942
727.347 M1    126.72 163.872 VDDX 126929
727.344 M1    102.744 160.416 VDDX 219364
727.344 M1    98.64 160.416 VDDX 219357
727.318 M1    96.264 169.056 VDDX 218960
727.316 LISD  104.58 156.96 VDDX 57863
727.213 M1    329.112 163.872 VDDX 211261
727.181 LISD  79.632 158.688 VDDX 58832
727.172 M1    87.192 163.872 VDDX 219153
727.125 M1    312.696 162.144 VDDX 211295
727.108 M1    111.384 156.96 VDDX 161527
727.098 M1    82.44 169.056 VDDX 218929
727.086 LISD  76.716 160.416 VDDX 59313
727.068 M1    75.96 158.688 VDDX 159923
727.068 M1    79.632 158.688 VDDX 219421
727.062 M1    121.104 162.144 VDDX 219280
727.046 LISD  298.98 165.6 VDDX 62113
727.043 LISD  317.232 165.6 VDDX 62143
727.041 LISD  120.24 163.872 VDDX 61491
727.038 LISD  325.656 163.872 VDDX 61204
727.021 LISD  95.616 160.416 VDDX 59654
727.019 M1    139.248 162.144 VDDX 216660
727.013 LISD  112.896 163.872 VDDX 61007
727.011 LISD  88.38 165.6 VDDX 61898
727.008 M1    91.512 162.144 VDDX 219240
727 M1    98.532 163.872 VDDX 160939
726.994 M1    126.72 158.688 VDDX 126869
726.984 M1    120.78 163.872 VDDX 159224
726.984 LISD  315.612 167.328 VDDX 62656
726.983 M1    112.572 167.328 VDDX 159116
726.945 M1    113.112 158.688 VDDX 160175
726.917 LISD  119.052 163.872 VDDX 60952
726.905 LISD  313.56 162.144 VDDX 60301
726.891 LISD  300.924 165.6 VDDX 62115
726.873 M1    277.38 162.144 VDDX 152939
726.871 LISD  81.144 169.056 VDDX 64088
726.865 LISD  105.444 162.144 VDDX 60139
726.858 M1    81.792 153.504 VDDX 219620
726.838 LISD  308.16 165.542 VDDX 61564
726.838 LISD  308.16 165.658 VDDX 61562
726.809 M1    269.496 165.6 VDDX 213978
726.797 M1    292.176 167.328 VDDX 211049
726.766 M1    283.86 167.328 VDDX 153685
726.752 LISD  83.628 160.416 VDDX 59317
726.743 M1    308.16 163.872 VDDX 126284
726.725 M1    110.952 158.688 VDDX 219474
726.719 LISD  110.952 160.416 VDDX 59684
726.718 LISD  105.12 158.688 VDDX 58875
726.7 LISD  112.788 165.6 VDDX 61916
726.696 LISD  329.328 165.6 VDDX 61678
726.694 LISD  98.64 163.872 VDDX 61455
726.69 LISD  89.676 155.232 VDDX 57146
726.686 M1    79.2 160.416 VDDX 219320
726.686 M1    76.392 160.416 VDDX 219316
726.673 LISD  76.068 163.872 VDDX 60954
726.665 M1    321.768 170.784 VDDX 210932
726.662 LISD  90.432 158.688 VDDX 58848
726.659 LISD  315.936 169.056 VDDX 63859
726.628 LISD  282.78 163.872 VDDX 60750
726.62 LISD  80.928 156.96 VDDX 57877
726.609 M1    105.984 163.872 VDDX 219183
726.545 LISD  89.568 167.328 VDDX 63209
726.545 LISD  96.48 167.328 VDDX 62836
726.544 LISD  97.128 169.056 VDDX 64124
726.543 LISD  103.176 163.872 VDDX 61463
726.538 M1    89.892 156.96 VDDX 159185
726.518 M1    329.76 169.056 VDDX 211020
726.492 LISD  325.656 165.6 VDDX 62157
726.433 M1    74.88 165.6 VDDX 126892
726.37 M1    80.712 156.96 VDDX 219510
726.368 LISD  112.896 162.144 VDDX 60512
726.343 M1    110.52 160.416 VDDX 219379
726.323 LISD  79.092 163.872 VDDX 61008
726.31 LISD  104.04 167.328 VDDX 63227
726.286 M1    90.864 158.688 VDDX 159930
726.283 M1    316.368 169.056 VDDX 210995
726.281 LISD  312.48 163.872 VDDX 61177
726.239 LISD  284.94 160.416 VDDX 59113
726.233 LISD  308.16 165.6 VDDX 61563
726.233 M1    96.912 170.784 VDDX 161589
726.227 M1    106.416 162.144 VDDX 219254
726.226 M1    330.408 163.872 VDDX 211264
726.209 M1    89.568 153.504 VDDX 219634
726.184 M1    104.796 156.96 VDDX 219529
726.174 LISD  105.552 163.872 VDDX 61466
726.17 M1    94.968 163.872 VDDX 219168
726.161 M1    291.204 165.6 VDDX 152447
726.147 LISD  79.092 162.144 VDDX 60480
726.147 LISD  76.5 162.144 VDDX 60476
726.147 M1    329.868 160.416 VDDX 154276
726.147 M1    325.116 160.416 VDDX 154237
726.137 M1    330.192 169.056 VDDX 152339
726.135 M1    325.656 167.328 VDDX 154005
726.114 LISD  103.716 165.6 VDDX 62378
726.1 M1    119.16 158.688 VDDX 160884
726.092 LISD  91.08 163.872 VDDX 61444
726.091 M1    89.568 155.232 VDDX 219565
726.089 M1    299.412 160.416 VDDX 152407
726.067 M1    87.408 158.688 VDDX 161585
726.056 LISD  325.008 169.056 VDDX 63876
726.048 M1    312.912 169.056 VDDX 210987
726.048 LISD  308.16 163.93 VDDX 60615
726.048 LISD  308.16 163.814 VDDX 60617
726.036 LISD  76.392 163.872 VDDX 61413
726.024 LISD  298.548 170.784 VDDX 64338
726.005 LISD  329.544 162.144 VDDX 60333
726 LISD  314.856 160.416 VDDX 59482
725.979 M1    330.408 162.144 VDDX 211331
725.968 LISD  82.116 155.232 VDDX 57106
725.962 M1    321.12 162.144 VDDX 211313
725.962 M1    316.368 162.144 VDDX 211303
725.961 LISD  76.824 160.416 VDDX 59621
725.956 LISD  110.952 163.872 VDDX 61473
725.951 M1    83.736 163.872 VDDX 219146
725.942 M1    90.756 165.6 VDDX 161320
725.934 LISD  273.924 165.6 VDDX 61728
725.934 M1    103.608 167.328 VDDX 160844
725.927 LISD  97.776 158.688 VDDX 58863
725.916 M1    126.72 165.6 VDDX 126930
725.909 M1    315.288 156.96 VDDX 211452
725.904 M1    91.296 160.416 VDDX 219341
725.893 LISD  76.068 162.144 VDDX 60105
725.887 M1    105.336 156.96 VDDX 160254
725.872 LISD  83.736 163.872 VDDX 61430
725.872 LISD  87.192 163.872 VDDX 61437
725.867 LISD  282.888 163.872 VDDX 61134
725.866 M1    330.084 167.328 VDDX 154071
725.837 M1    330.948 156.96 VDDX 152697
725.806 M1    313.56 170.784 VDDX 210913
725.805 M1    298.332 163.872 VDDX 154467
725.792 LISD  118.944 163.872 VDDX 61488
725.766 LISD  301.032 165.6 VDDX 61720
725.763 M1    113.544 160.416 VDDX 219384
725.762 LISD  80.388 165.6 VDDX 61954
725.75 M1    82.872 156.96 VDDX 160071
725.74 LISD  105.552 162.144 VDDX 60501
725.74 LISD  110.304 162.144 VDDX 60507
725.732 LISD  313.236 167.328 VDDX 62602
725.718 LISD  118.728 160.416 VDDX 59699
Range Total Count Displayed / Scissored Percentage
 < 0  4           4 / 0                  0.00%
0 ~ 266.702 85042       85042 / 0             31.95%
266.702 ~ 533.404 117708      117708 / 0            44.22%
533.404 ~ 800.106 63444       63444 / 0             23.83%
800.106 ~ 1066.81 0           0 / 0                  0.00%
1066.81 ~ 1333.51 0           0 / 0                  0.00%
1333.51 ~ 1600.21 0           0 / 0                  0.00%
1600.21 ~ 1866.91 0           0 / 0                  0.00%
1866.91 ~ 2133.62 0           0 / 0                  0.00%
 > 2133.62 0           0 / 0                  0.00%
